<?xml version="1.0" encoding="UTF-8"?>
<!-- Generated by org.testng.reporters.JUnitReportReporter -->
<testsuite skipped="0" hostname="IBM-Testing01" name="TestCorrectly" tests="2" failures="0" timestamp="27 Dec 2019 10:08:16 GMT" time="3.649" errors="0">
  <testcase name="Test1" time="0.821" classname="TestCorrectly"/>
  <testcase name="personal" time="2.828" classname="TestCorrectly"/>
</testsuite> <!-- TestCorrectly -->
